<?xml version="1.0" encoding="UTF-8"?>
<!-- Generated by org.testng.reporters.JUnitReportReporter -->
<testsuite hostname="L076-Parmar" failures="0" tests="2" name="putMethodCall.createOpportunity" time="21.072" errors="0" timestamp="2023-09-06T15:15:19 IST" skipped="0">
  <testcase classname="putMethodCall.createOpportunity" name="configuratorcreateCart" time="20.381"/>
  <testcase classname="putMethodCall.createOpportunity" name="plmcreateCart" time="0.691"/>
</testsuite> <!-- putMethodCall.createOpportunity -->
